TN:
SF:core/reply.js
FN:1,(anonymous_0)
FNF:1
FNH:0
FNDA:0,(anonymous_0)
DA:1,0
DA:5,0
LF:2
LH:0
BRF:0
BRH:0
end_of_record
TN:
SF:core/review.js
FN:1,(anonymous_0)
FN:5,(anonymous_1)
FN:9,(anonymous_2)
FN:13,(anonymous_3)
FN:18,(anonymous_4)
FNF:5
FNH:0
FNDA:0,(anonymous_0)
FNDA:0,(anonymous_1)
FNDA:0,(anonymous_2)
FNDA:0,(anonymous_3)
FNDA:0,(anonymous_4)
DA:1,1
DA:5,1
DA:9,1
DA:13,1
DA:18,1
DA:22,1
LF:6
LH:6
BRF:0
BRH:0
end_of_record
TN:
SF:core/store.js
FN:7,(anonymous_0)
FN:14,(anonymous_1)
FN:26,(anonymous_2)
FN:36,(anonymous_3)
FN:45,(anonymous_4)
FN:55,(anonymous_5)
FN:65,(anonymous_6)
FN:66,(anonymous_7)
FN:69,(anonymous_8)
FN:82,(anonymous_9)
FNF:10
FNH:10
FNDA:10,(anonymous_0)
FNDA:11,(anonymous_1)
FNDA:10,(anonymous_2)
FNDA:2,(anonymous_3)
FNDA:2,(anonymous_4)
FNDA:1,(anonymous_5)
FNDA:12,(anonymous_6)
FNDA:13,(anonymous_7)
FNDA:1,(anonymous_8)
FNDA:1,(anonymous_9)
DA:1,1
DA:2,1
DA:3,1
DA:7,1
DA:8,10
DA:9,10
DA:10,10
DA:14,1
DA:15,11
DA:16,11
DA:17,11
DA:18,11
DA:21,0
DA:26,1
DA:27,10
DA:28,10
DA:29,10
DA:31,0
DA:36,1
DA:37,2
DA:38,2
DA:39,1
DA:41,1
DA:45,1
DA:46,2
DA:47,2
DA:48,1
DA:49,1
DA:51,1
DA:55,1
DA:56,1
DA:57,1
DA:58,1
DA:59,1
DA:61,0
DA:65,1
DA:66,13
DA:69,1
DA:70,1
DA:71,1
DA:72,1
DA:73,1
DA:74,1
DA:77,0
DA:82,1
DA:83,1
DA:86,1
LF:47
LH:43
BRDA:15,0,0,11
BRDA:15,0,1,0
BRDA:17,1,0,11
BRDA:17,1,1,0
BRDA:17,2,0,11
BRDA:17,2,1,11
BRDA:28,3,0,10
BRDA:28,3,1,0
BRDA:28,4,0,10
BRDA:28,4,1,10
BRDA:38,5,0,1
BRDA:38,5,1,1
BRDA:47,6,0,1
BRDA:47,6,1,1
BRDA:57,7,0,1
BRDA:57,7,1,0
BRDA:71,8,0,1
BRDA:71,8,1,0
BRDA:72,9,0,1
BRDA:72,9,1,0
BRF:20
BRH:14
end_of_record
TN:
SF:core/user.js
FN:4,(anonymous_0)
FN:11,(anonymous_1)
FN:20,(anonymous_2)
FN:31,(anonymous_3)
FN:35,(anonymous_4)
FNF:5
FNH:4
FNDA:19,(anonymous_0)
FNDA:24,(anonymous_1)
FNDA:14,(anonymous_2)
FNDA:0,(anonymous_3)
FNDA:1,(anonymous_4)
DA:2,3
DA:3,3
DA:4,3
DA:5,19
DA:6,19
DA:7,18
DA:8,1
DA:11,3
DA:12,24
DA:13,24
DA:14,4
DA:16,20
DA:20,3
DA:21,14
DA:22,13
DA:23,13
DA:24,11
DA:27,3
DA:31,3
DA:32,0
DA:35,3
DA:36,1
DA:40,3
LF:23
LH:22
BRDA:6,0,0,18
BRDA:6,0,1,1
BRDA:13,1,0,4
BRDA:13,1,1,20
BRDA:13,2,0,24
BRDA:13,2,1,5
BRDA:21,3,0,13
BRDA:21,3,1,1
BRDA:23,4,0,11
BRDA:23,4,1,2
BRDA:23,5,0,13
BRDA:23,5,1,12
BRF:12
BRH:12
end_of_record
TN:
SF:models/InMemoryDbHandler.js
FN:10,(anonymous_0)
FN:23,(anonymous_1)
FN:34,(anonymous_2)
FNF:3
FNH:3
FNDA:3,(anonymous_0)
FNDA:3,(anonymous_1)
FNDA:19,(anonymous_2)
DA:1,3
DA:2,3
DA:4,3
DA:10,3
DA:11,3
DA:12,3
DA:13,3
DA:17,3
DA:23,3
DA:24,3
DA:25,3
DA:26,3
DA:27,3
DA:34,3
DA:35,19
DA:36,19
DA:38,19
DA:39,29
DA:40,29
LF:19
LH:19
BRDA:24,0,0,3
BRDA:24,0,1,0
BRDA:35,1,0,19
BRDA:35,1,1,0
BRF:4
BRH:2
end_of_record
TN:
SF:models/replies.js
FNF:0
FNH:0
DA:1,0
DA:9,0
DA:15,0
LF:3
LH:0
BRF:0
BRH:0
end_of_record
TN:
SF:models/reviews.js
FNF:0
FNH:0
DA:1,0
DA:3,0
DA:11,0
LF:3
LH:0
BRF:0
BRH:0
end_of_record
TN:
SF:models/stores.js
FNF:0
FNH:0
DA:1,1
DA:2,1
DA:4,1
DA:15,1
LF:4
LH:4
BRF:0
BRH:0
end_of_record
TN:
SF:models/users.js
FNF:0
FNH:0
DA:1,3
DA:11,3
DA:20,3
LF:3
LH:3
BRF:0
BRH:0
end_of_record
TN:
SF:models/utils.js
FN:2,(anonymous_0)
FNF:1
FNH:1
FNDA:25,(anonymous_0)
DA:2,3
DA:3,25
DA:4,0
DA:5,25
DA:6,1
DA:7,24
DA:8,23
DA:10,1
DA:13,3
LF:9
LH:8
BRDA:3,0,0,0
BRDA:3,0,1,25
BRDA:5,1,0,1
BRDA:5,1,1,24
BRDA:5,2,0,25
BRDA:5,2,1,2
BRDA:7,3,0,23
BRDA:7,3,1,1
BRDA:7,4,0,24
BRDA:7,4,1,23
BRF:10
BRH:9
end_of_record
